\BOOKMARK [1][-]{section.1}{Introducci\363n}{}% 1
\BOOKMARK [2][-]{subsection.1.1}{Energia \(Texas Instruments\)}{section.1}% 2
\BOOKMARK [2][-]{subsection.1.2}{Arduino}{section.1}% 3
\BOOKMARK [2][-]{subsection.1.3}{Software Libre}{section.1}% 4
\BOOKMARK [1][-]{section.2}{P\372blico}{}% 5
\BOOKMARK [1][-]{section.3}{El alumno tendr\341 habilidades para:}{}% 6
\BOOKMARK [1][-]{section.4}{Hardware necesario}{}% 7
\BOOKMARK [2][-]{subsection.4.1}{Provisto en el Taller}{section.4}% 8
\BOOKMARK [3][-]{subsubsection.4.1.1}{Componentes electr\363nicos}{subsection.4.1}% 9
\BOOKMARK [1][-]{section.5}{Software necesario}{}% 10
\BOOKMARK [1][-]{section.6}{Temario}{}% 11
\BOOKMARK [2][-]{subsection.6.1}{Introducci\363n}{section.6}% 12
\BOOKMARK [2][-]{subsection.6.2}{Electr\363nica b\341sica}{section.6}% 13
\BOOKMARK [2][-]{subsection.6.3}{Fundamentos de programaci\363n}{section.6}% 14
\BOOKMARK [2][-]{subsection.6.4}{Salidas digitales}{section.6}% 15
\BOOKMARK [2][-]{subsection.6.5}{Entradas digitales}{section.6}% 16
\BOOKMARK [2][-]{subsection.6.6}{Entradas anal\363gicas}{section.6}% 17
\BOOKMARK [2][-]{subsection.6.7}{Salidas anal\363gicas}{section.6}% 18
\BOOKMARK [2][-]{subsection.6.8}{Dise\361o 3D OpenSCAD}{section.6}% 19
\BOOKMARK [2][-]{subsection.6.9}{Elaboraci\363n de proyecto}{section.6}% 20
\BOOKMARK [1][-]{section.7}{Colaboradores}{}% 21
\BOOKMARK [2][-]{subsection.7.1}{IDEA 1.61}{section.7}% 22
\BOOKMARK [2][-]{subsection.7.2}{DITAC}{section.7}% 23
\BOOKMARK [2][-]{subsection.7.3}{LIDSOL}{section.7}% 24
\BOOKMARK [1][-]{section.8}{Programa}{}% 25
\BOOKMARK [2][-]{subsection.8.1}{Diagrama de Gant}{section.8}% 26
