\BOOKMARK [1][-]{section.1}{Campos Onda Electromagn\351tica}{}% 1
\BOOKMARK [2][-]{subsection.1.1}{Propagaci\363n de Ondas Electromagn\351ticas}{section.1}% 2
\BOOKMARK [2][-]{subsection.1.2}{Ley de Faraday}{section.1}% 3
\BOOKMARK [2][-]{subsection.1.3}{Anexo}{section.1}% 4
\BOOKMARK [2][-]{subsection.1.4}{C\341lculo de la energ\355a}{section.1}% 5
\BOOKMARK [3][-]{subsubsection.1.4.1}{Potencia Electromagn\351tica}{subsection.1.4}% 6
\BOOKMARK [2][-]{subsection.1.5}{Relaci\363n del campo el\351ctrico y magn\351tico}{section.1}% 7
\BOOKMARK [2][-]{subsection.1.6}{M\363dulo de vector de Poynting}{section.1}% 8
\BOOKMARK [3][-]{subsubsection.1.6.1}{Irradiancia promedio}{subsection.1.6}% 9
\BOOKMARK [2][-]{subsection.1.7}{Valor RMS}{section.1}% 10
\BOOKMARK [1][-]{section.2}{Ecuaci\363n de Onda}{}% 11
\BOOKMARK [2][-]{subsection.2.1}{Ejercicio}{section.2}% 12
\BOOKMARK [2][-]{subsection.2.2}{Funciones arm\363nicas}{section.2}% 13
\BOOKMARK [3][-]{subsubsection.2.2.1}{N\372mero de onda}{subsection.2.2}% 14
\BOOKMARK [3][-]{subsubsection.2.2.2}{Frecuencia angular}{subsection.2.2}% 15
\BOOKMARK [3][-]{subsubsection.2.2.3}{Onda senoidal}{subsection.2.2}% 16
\BOOKMARK [2][-]{subsection.2.3}{Ejercicio}{section.2}% 17
\BOOKMARK [3][-]{subsubsection.2.3.1}{Resoluci\363n}{subsection.2.3}% 18
\BOOKMARK [2][-]{subsection.2.4}{Ap\351ndice}{section.2}% 19
\BOOKMARK [1][-]{section.3}{Ondas Electromagn\351ticas}{}% 20
\BOOKMARK [2][-]{subsection.3.1}{Interfaz plana, incidencia oblicua}{section.3}% 21
\BOOKMARK [1][-]{section.4}{Ecuaciones de Maxwell}{}% 22
\BOOKMARK [2][-]{subsection.4.1}{Ecuaciones de Maxwell con fuentes}{section.4}% 23
\BOOKMARK [2][-]{subsection.4.2}{Ecuaciones de Maxwell sin fuentes}{section.4}% 24
\BOOKMARK [2][-]{subsection.4.3}{Ecuaci\363n de Onda}{section.4}% 25
\BOOKMARK [2][-]{subsection.4.4}{Ecuaciones de maxwell en medio materiales}{section.4}% 26
\BOOKMARK [3][-]{subsubsection.4.4.1}{Ecuaciones de Maxwell con fuentes}{subsection.4.4}% 27
\BOOKMARK [3][-]{subsubsection.4.4.2}{Ecuaciones de Maxwell sin fuentes}{subsection.4.4}% 28
\BOOKMARK [3][-]{subsubsection.4.4.3}{Ecuaci\363n de onda}{subsection.4.4}% 29
\BOOKMARK [1][-]{section.5}{\315ndice de refracci\363n}{}% 30
\BOOKMARK [1][-]{section.6}{Teor\355a de las Ondas Electromagn\351ticas}{}% 31
\BOOKMARK [2][-]{subsection.6.1}{Construcci\363n de la ecuaci\363n diferencial}{section.6}% 32
\BOOKMARK [2][-]{subsection.6.2}{Ejercicio}{section.6}% 33
\BOOKMARK [2][-]{subsection.6.3}{Funciones arm\363nicas}{section.6}% 34
\BOOKMARK [3][-]{subsubsection.6.3.1}{N\372mero de onda}{subsection.6.3}% 35
\BOOKMARK [3][-]{subsubsection.6.3.2}{Frecuencia angular}{subsection.6.3}% 36
\BOOKMARK [2][-]{subsection.6.4}{Ejercicio}{section.6}% 37
\BOOKMARK [2][-]{subsection.6.5}{Resoluci\363n}{section.6}% 38
\BOOKMARK [2][-]{subsection.6.6}{Propagaci\363n de Ondas Electromagn\351ticas}{section.6}% 39
\BOOKMARK [2][-]{subsection.6.7}{Ley de Faraday}{section.6}% 40
\BOOKMARK [2][-]{subsection.6.8}{Campos Magn\351tico y El\351ctrico}{section.6}% 41
\BOOKMARK [2][-]{subsection.6.9}{C\341lculo de la energ\355a}{section.6}% 42
\BOOKMARK [2][-]{subsection.6.10}{Potencia Electromagn\351tica}{section.6}% 43
\BOOKMARK [2][-]{subsection.6.11}{Relaci\363n del campo el\351ctrico y magn\351tico}{section.6}% 44
\BOOKMARK [2][-]{subsection.6.12}{M\363dulo de vector de Poynting}{section.6}% 45
\BOOKMARK [2][-]{subsection.6.13}{Irradiancia promedio}{section.6}% 46
\BOOKMARK [2][-]{subsection.6.14}{Valor RMS}{section.6}% 47
\BOOKMARK [2][-]{subsection.6.15}{Interfaz plana, incidencia oblicua}{section.6}% 48
\BOOKMARK [1][-]{section.7}{Formulario}{}% 49
\BOOKMARK [2][-]{subsection.7.1}{Constantes}{section.7}% 50
\BOOKMARK [2][-]{subsection.7.2}{Ondas}{section.7}% 51
\BOOKMARK [2][-]{subsection.7.3}{Efecto Doppler}{section.7}% 52
\BOOKMARK [3][-]{subsubsection.7.3.1}{Observador alej\341ndose de una fuente}{subsection.7.3}% 53
\BOOKMARK [3][-]{subsubsection.7.3.2}{Fuente acerc\341ndose a un observador}{subsection.7.3}% 54
\BOOKMARK [3][-]{subsubsection.7.3.3}{Fuente acerc\341ndose a un observador}{subsection.7.3}% 55
\BOOKMARK [2][-]{subsection.7.4}{Ley de Snell}{section.7}% 56
\BOOKMARK [2][-]{subsection.7.5}{Ley de Brewster}{section.7}% 57
\BOOKMARK [2][-]{subsection.7.6}{Refracci\363n}{section.7}% 58
\BOOKMARK [2][-]{subsection.7.7}{Ecuaci\363n de refracci\363n de lentes}{section.7}% 59
\BOOKMARK [1][-]{section.8}{Espejos}{}% 60
\BOOKMARK [2][-]{subsubsection.8.0.1}{Ecuaci\363n de espejos}{section.8}% 61
\BOOKMARK [3][-]{subsubsection.8.0.2}{Magnificaci\363n}{subsubsection.8.0.1}% 62
\BOOKMARK [2][-]{subsection.8.1}{Lentes delgadas}{section.8}% 63
\BOOKMARK [2][-]{subsection.8.2}{Planck}{section.8}% 64
