\BOOKMARK [0][]{chapter*.4}{\315ndice de figuras}{}% 1
\BOOKMARK [0][]{chapter*.5}{\315ndice de tablas}{}% 2
\BOOKMARK [0][]{chapter.1}{1 Introducci\363n}{}% 3
\BOOKMARK [1][]{section.1.1}{1.1 Objetivo General}{chapter.1}% 4
\BOOKMARK [1][]{section.1.2}{1.2 Objetivos Espec\355ficos}{chapter.1}% 5
\BOOKMARK [1][]{section.1.3}{1.3 Planteamiento del problema}{chapter.1}% 6
\BOOKMARK [1][]{section.1.4}{1.4 Estructura de la tesis}{chapter.1}% 7
\BOOKMARK [0][]{chapter.2}{2 Metodolog\355a}{}% 8
\BOOKMARK [1][]{section.2.1}{2.1 Dise\361o del banco de pruebas}{chapter.2}% 9
\BOOKMARK [1][]{section.2.2}{2.2 Dise\361o del banco}{chapter.2}% 10
\BOOKMARK [1][]{section.2.3}{2.3 Pruebas electromec\341nicas seg\372n la IEC 61400-2}{chapter.2}% 11
\BOOKMARK [1][]{section.2.4}{2.4 Medici\363n de potencia }{chapter.2}% 12
\BOOKMARK [1][]{section.2.5}{2.5 Medici\363n de torque y rpm de dise\361o }{chapter.2}% 13
\BOOKMARK [1][]{section.2.6}{2.6 Selecci\363n de equipo de instrumentaci\363n}{chapter.2}% 14
\BOOKMARK [1][]{section.2.7}{2.7 Programaci\363n para la instrumentaci\363n }{chapter.2}% 15
\BOOKMARK [1][]{section.2.8}{2.8 Accionamiento del generador el\351ctrico}{chapter.2}% 16
\BOOKMARK [1][]{section.2.9}{2.9 Dimensionamiento y control el\351ctrico}{chapter.2}% 17
\BOOKMARK [1][]{section.2.10}{2.10 Dimensionamiento de conductores el\351ctricos para el motor jaula de ardilla de 15 hp y el variador de frecuencia}{chapter.2}% 18
\BOOKMARK [0][]{chapter.3}{3 Descripci\363n de equipo experimental seleccionado }{}% 19
\BOOKMARK [1][]{section.3.1}{3.1 Dise\361o asistido por computadora Free CAD}{chapter.3}% 20
\BOOKMARK [1][]{section.3.2}{3.2 Adquisici\363n de datos}{chapter.3}% 21
\BOOKMARK [2][]{subsection.3.2.1}{3.2.1 Medici\363n de corriente alterna}{section.3.2}% 22
\BOOKMARK [2][]{subsection.3.2.2}{3.2.2 Medici\363n de voltaje trif\341sico}{section.3.2}% 23
\BOOKMARK [2][]{subsection.3.2.3}{3.2.3 Medici\363n de rpm y torque}{section.3.2}% 24
\BOOKMARK [1][]{section.3.3}{3.3 Equipo el\351ctrico}{chapter.3}% 25
\BOOKMARK [2][]{subsection.3.3.1}{3.3.1 Generador el\351ctrico de imanes permanentes}{section.3.3}% 26
\BOOKMARK [2][]{subsection.3.3.2}{3.3.2 Motor el\351ctrico jaula de ardilla de 15 HP}{section.3.3}% 27
\BOOKMARK [2][]{subsection.3.3.3}{3.3.3 Caja de reductora de velocidad Serie 3000}{section.3.3}% 28
\BOOKMARK [2][]{subsection.3.3.4}{3.3.4 Variador de frecuencia Sinamics V20}{section.3.3}% 29
\BOOKMARK [0][]{chapter.4}{4 An\341lisis de Resultados}{}% 30
\BOOKMARK [1][]{section.4.1}{4.1 An\341lisis estructural de esfuerzos del banco de pruebas}{chapter.4}% 31
\BOOKMARK [1][]{section.4.2}{4.2 Banco de pruebas electromec\341nicas}{chapter.4}% 32
\BOOKMARK [1][]{section.4.3}{4.3 Integraci\363n del Banco de pruebas}{chapter.4}% 33
\BOOKMARK [1][]{section.4.4}{4.4 Aditamentos del banco de pruebas}{chapter.4}% 34
\BOOKMARK [1][]{section.4.5}{4.5 Caracterizaci\363n de velocidad del motor el\351ctrico con tac\363metro de contacto}{chapter.4}% 35
\BOOKMARK [1][]{section.4.6}{4.6 Control de velocidad del motor el\351ctrico}{chapter.4}% 36
\BOOKMARK [1][]{section.4.7}{4.7 Medici\363n de corriente alterna con sensor de efecto hall}{chapter.4}% 37
\BOOKMARK [1][]{section.4.8}{4.8 Medici\363n de torque con transductor TRS-300}{chapter.4}% 38
\BOOKMARK [1][]{section.4.9}{4.9 Recomendaciones}{chapter.4}% 39
\BOOKMARK [1][]{section.4.10}{4.10 Conclusiones}{chapter.4}% 40
\BOOKMARK [0][]{chapter.5}{5 Recomendaciones y trabajo a futuro }{}% 41
\BOOKMARK [1][]{section.5.1}{5.1 Dise\361o El\351ctrico}{chapter.5}% 42
\BOOKMARK [1][]{section.5.2}{5.2 Dise\361o M\351c\341nico}{chapter.5}% 43
\BOOKMARK [0][]{appendix.Alph1}{A Ap\351ndice}{}% 44
\BOOKMARK [1][]{section.Alph1.1}{A.1 Banco de pruebas}{appendix.Alph1}% 45
\BOOKMARK [2][]{subsection.Alph1.1.1}{A.1.1 Banco de pruebas ensamblado}{section.Alph1.1}% 46
\BOOKMARK [2][]{subsection.Alph1.1.2}{A.1.2 Estructura}{section.Alph1.1}% 47
\BOOKMARK [2][]{subsection.Alph1.1.3}{A.1.3 Soporte}{section.Alph1.1}% 48
\BOOKMARK [2][]{subsection.Alph1.1.4}{A.1.4 Placa para motor}{section.Alph1.1}% 49
\BOOKMARK [2][]{subsection.Alph1.1.5}{A.1.5 Placa para generadores}{section.Alph1.1}% 50
\BOOKMARK [1][]{section.Alph1.2}{A.2 Dise\361os de acoplamientos}{appendix.Alph1}% 51
\BOOKMARK [2][]{subsection.Alph1.2.1}{A.2.1 motor-Caja reductora}{section.Alph1.2}% 52
\BOOKMARK [2][]{subsection.Alph1.2.2}{A.2.2 Caja reductora-Cople estrella 1}{section.Alph1.2}% 53
\BOOKMARK [2][]{subsection.Alph1.2.3}{A.2.3 Cople estrella 1 - Transductor de torque}{section.Alph1.2}% 54
\BOOKMARK [2][]{subsection.Alph1.2.4}{A.2.4 Transductor de torque- cople estrella 2}{section.Alph1.2}% 55
\BOOKMARK [2][]{subsection.Alph1.2.5}{A.2.5 Cople estrella 2 - generador}{section.Alph1.2}% 56
\BOOKMARK [2][]{subsection.Alph1.2.6}{A.2.6 Cuerda del generador}{section.Alph1.2}% 57
\BOOKMARK [1][]{section.Alph1.3}{A.3 Soportes}{appendix.Alph1}% 58
\BOOKMARK [2][]{subsection.Alph1.3.1}{A.3.1 Caja Reductora}{section.Alph1.3}% 59
\BOOKMARK [2][]{subsection.Alph1.3.2}{A.3.2 Transductor de torque}{section.Alph1.3}% 60
\BOOKMARK [2][]{subsection.Alph1.3.3}{A.3.3 Base 1 generador el\351ctrico}{section.Alph1.3}% 61
\BOOKMARK [2][]{subsection.Alph1.3.4}{A.3.4 Base 2 generador el\351ctrico}{section.Alph1.3}% 62
\BOOKMARK [2][]{subsection.Alph1.3.5}{A.3.5 Base 3 generador el\351ctrico}{section.Alph1.3}% 63
\BOOKMARK [0][]{appendix*.6}{Bibliograf\355a}{}% 64
